    0 DEBUG [main] ui.Controller - registered component for command : ch.thomasmueller.saltyfiles.ui.command.ChooseEncryptionSourceFilesCommand
    1 DEBUG [main] ui.Controller - registered component for command : ch.thomasmueller.saltyfiles.ui.command.ChooseEncryptionTargetDirCommand
    1 DEBUG [main] ui.Controller - registered component for command : ch.thomasmueller.saltyfiles.ui.command.ChooseDecryptionTargetDirCommand
    1 DEBUG [main] ui.Controller - registered component for command : ch.thomasmueller.saltyfiles.ui.command.ChooseDecryptionSourceArchiveCommand
    1 DEBUG [main] ui.Controller - registered component for command : ch.thomasmueller.saltyfiles.ui.command.SwitchEncryptModesCommand
    1 DEBUG [main] ui.Controller - registered component for command : ch.thomasmueller.saltyfiles.ui.command.SwitchDecryptModesCommand
    1 DEBUG [main] ui.Controller - registered component for command : ch.thomasmueller.saltyfiles.ui.command.TransformCommand
    4 DEBUG [main] ui.Controller - registered data component
    4 DEBUG [main] ui.Controller - registered data component
    4 DEBUG [main] ui.Controller - registered data component
    4 DEBUG [main] ui.Controller - registered data component
    4 DEBUG [main] ui.Controller - registered data component
    4 DEBUG [main] ui.Controller - registered data component
    4 DEBUG [main] ui.Controller - registered data component
    4 DEBUG [main] ui.Controller - registered data component
   14 DEBUG [main] ui.MainFrame - start
   28 DEBUG [main] ui.Controller - registered component for command : ch.thomasmueller.saltyfiles.ui.command.ShowConfigCommand
   29 DEBUG [main] ui.Controller - registered component for command : ch.thomasmueller.saltyfiles.ui.command.ExitCommand
   30 DEBUG [main] ui.Controller - registered component for command : ch.thomasmueller.saltyfiles.ui.command.ShowAboutCommand
   30 DEBUG [main] ui.MainFrame - image url = 'file:/C:/Users/Nick/workspace/cryptologie/saltyFiles/classes/images/fsLogo64.png'
 3390 DEBUG [AWT-EventQueue-0] ui.Controller - focusGained data
11973 DEBUG [AWT-EventQueue-0] ui.Controller - focusLost data
11974 DEBUG [AWT-EventQueue-0] ui.Controller - dataChange: javax.swing.JComboBox[,121,297,86x20,layout=com.jgoodies.plaf.plastic.PlasticComboBoxUI$PlasticComboBoxLayoutManager,alignmentX=0.0,alignmentY=0.0,border=,flags=328,maximumSize=,minimumSize=,preferredSize=,isEditable=false,lightWeightPopupEnabled=true,maximumRowCount=8,selectedItemReminder=Default]
